<?xml version="1.0" encoding="UTF-8"?>
<!-- Generated by org.testng.reporters.JUnitReportReporter -->
<testsuite hostname="DESKTOP-2NOPBE7" failures="0" tests="3" name="NewTest" time="0.009" errors="0" timestamp="2020-04-06T16:58:18 CEST" skipped="0">
  <testcase classname="NewTest" name="d" time="0.007"/>
  <system-out/>
  <testcase classname="NewTest" name="f" time="0.001"/>
  <system-out/>
  <testcase classname="NewTest" name="e" time="0.001"/>
  <system-out/>
</testsuite> <!-- NewTest -->
