<?xml version="1.0" encoding="UTF-8"?>
<!-- Generated by org.testng.reporters.JUnitReportReporter -->
<testsuite hostname="DESKTOP-2NOPBE7" failures="0" tests="2" name="banka_test.BankaTest" time="0.010" errors="0" timestamp="2020-04-02T15:24:25 CEST" skipped="0">
  <testcase classname="banka_test.BankaTest" name="testTransfer" time="0.009"/>
  <system-out/>
  <testcase classname="banka_test.BankaTest" name="testUplata" time="0.001"/>
  <system-out/>
</testsuite> <!-- banka_test.BankaTest -->
