<?xml version="1.0" encoding="UTF-8"?>
<!-- Generated by org.testng.reporters.JUnitReportReporter -->
<testsuite hostname="DESKTOP-2NOPBE7" failures="0" tests="2" name="Primer1.NewTest" time="0.008" errors="0" timestamp="2020-04-06T18:48:17 CEST" skipped="0">
  <testcase classname="Primer1.NewTest" name="test2" time="0.007"/>
  <system-out/>
  <testcase classname="Primer1.NewTest" name="test1" time="0.001"/>
  <system-out/>
</testsuite> <!-- Primer1.NewTest -->
