<?xml version="1.0" encoding="UTF-8"?>
<!-- Generated by org.testng.reporters.JUnitReportReporter -->
<testsuite hostname="DESKTOP-2NOPBE7" failures="0" tests="1" name="Proba" time="0.100" errors="0" timestamp="2020-04-06T17:25:07 CEST" skipped="0">
  <testcase classname="Proba" name="f" time="0.100"/>
  <system-out/>
</testsuite> <!-- Proba -->
