<?xml version="1.0" encoding="UTF-8"?>
<!-- Generated by org.testng.reporters.JUnitReportReporter -->
<testsuite hostname="DESKTOP-2NOPBE7" failures="0" tests="2" name="banka_test.AccountTest" time="0.042" errors="0" timestamp="2020-03-25T11:08:19 CET" skipped="0">
  <testcase classname="banka_test.AccountTest" name="testSetMetode" time="0.002"/>
  <system-out/>
  <testcase classname="banka_test.AccountTest" name="testNumber" time="0.040"/>
  <system-out/>
</testsuite> <!-- banka_test.AccountTest -->
